807408000 0
808012800 11
808617600 16
809222400 28
809827200 33
810432000 81
811036800 140
811641600 271
812246400 308
812851200 322
813456000 387
814060800 295
814665600 208
815270400 177
815875200 128
816480000 91
817084800 93
817689600 160
818294400 169
818899200 161
819504000 143
820108800 96
820713600 45
821318400 42
821923200 58
822528000 87
823132800 129
823737600 139
824342400 132
824947200 137
825552000 110
826156800 128
826761600 141
827366400 128
827971200 121
828576000 90
829180800 61
829785600 67
830390400 64
830995200 72
831600000 102
832204800 101
832809600 91
833414400 94
834019200 100
834624000 125
835228800 147
835833600 128
836438400 111
837043200 81
837648000 26
838252800 17
838857600 16
839462400 22
840067200 34
840672000 66
841276800 91
841881600 88
842486400 96
843091200 112
843696000 133
844300800 132
844905600 137
845510400 143
846115200 130
846720000 132
847324800 132
847929600 137
848534400 110
849139200 108
849744000 86
850348800 84
850953600 134
851558400 126
852163200 113
852768000 89
853372800 47
853977600 26
854582400 35
855187200 47
855792000 43
856396800 43
857001600 31
857606400 43
858211200 50
858816000 74
859420800 104
860025600 96
860630400 95
861235200 93
861840000 99
862444800 119
863049600 133
863654400 143
864259200 126
864864000 148
865468800 232
866073600 236
866678400 230
867283200 218
867888000 115
868492800 76
869097600 69
869702400 108
870307200 107
870912000 115
871516800 112
872121600 45
872726400 24
873331200 12
873936000 10
874540800 18
875145600 20
875750400 19
876355200 20
876960000 47
877564800 66
878169600 76
878774400 87
879379200 77
879984000 51
880588800 53
881193600 63
881798400 70
882403200 75
883008000 63
883612800 50
884217600 41
884822400 15
885427200 6
886032000 33
886636800 61
887241600 77
887846400 86
888451200 80
889056000 71
889660800 61
890265600 58
890870400 56
891475200 57
892080000 47
892684800 42
893289600 40
893894400 58
894499200 64
895104000 71
895708800 79
896313600 81
896918400 61
897523200 60
898128000 42
898732800 14
899337600 13
899942400 30
900547200 61
901152000 83
901756800 118
902361600 128
902966400 102
903571200 95
904176000 74
904780800 82
905385600 78
905990400 80
906595200 80
907200000 42
907804800 43
908409600 32
909014400 31
909619200 35
910224000 34
910828800 47
911433600 46
912038400 49
912643200 69
913248000 98
913852800 87
914457600 96
915062400 87
915667200 64
916272000 67
916876800 65
917481600 63
918086400 66
918691200 37
919296000 23
919900800 20
920505600 15
921110400 16
921715200 30
922320000 36
922924800 37
923529600 39
924134400 44
924739200 53
925344000 59
925948800 64
926553600 65
927158400 59
927763200 55
928368000 45
928972800 60
929577600 84
930182400 71
930787200 66
931392000 59
931996800 18
932601600 9
933206400 8
933811200 17
934416000 22
935020800 45
935625600 50
936230400 58
936835200 50
937440000 43
938044800 19
938649600 3
939254400 7
939859200 9
940464000 7
941068800 8
941673600 7
942278400 2
942883200 6
943488000 15
944092800 16
944697600 17
945302400 17
945907200 15
946512000 7
947116800 9
947721600 16
948326400 42
948931200 51
949536000 55
950140800 62
950745600 70
951350400 50
951955200 53
952560000 74
953164800 66
953769600 51
954374400 48
954979200 37
955584000 17
956188800 6
956793600 5
957398400 16
958003200 23
958608000 26
959212800 25
959817600 20
960422400 10
961027200 30
961632000 42
962236800 71
962841600 77
963446400 101
964051200 140
964656000 177
965260800 178
965865600 211
966470400 179
967075200 145
967680000 121
968284800 91
968889600 46
969494400 51
970099200 71
970704000 88
971308800 104
971913600 91
972518400 70
973123200 40
973728000 21
974332800 9
974937600 4
975542400 2
976147200 2
976752000 2
977356800 2
977961600 1
978566400 0
979171200 0
979776000 0
980380800 6
980985600 7
981590400 9
982195200 12
982800000 21
983404800 24
984009600 26
984614400 22
985219200 21
985824000 5
986428800 3
987033600 2
987638400 2
988243200 2
988848000 3
989452800 1
990057600 1
990662400 1
991267200 1
991872000 1
992476800 4
993081600 21
993686400 30
994291200 44
994896000 42
995500800 39
996105600 23
996710400 9
997315200 36
997920000 40
998524800 38
999129600 35
999734400 6
1000339200 2
1000944000 1
1001548800 2
1002153600 1
1002758400 1
1003363200 1
1003968000 1
1004572800 2
1005177600 2
1005782400 6
1006387200 11
1006992000 13
1007596800 11
1008201600 11
1008806400 5
1009411200 2
1010016000 2
1010620800 3
1011225600 1
1011830400 3
1012435200 5
1013040000 5
1013644800 23
1014249600 28
1014854400 30
1015459200 29
1016064000 10
1016668800 6
1017273600 3
1017878400 11
1018483200 14
1019088000 14
1019692800 18
1020297600 145
1020902400 174
1021507200 209
1022112000 284
1022716800 436
1023321600 390
1023926400 403
1024531200 368
1025136000 291
1025740800 281
